{"level":"INFO","time":"2023-07-15T21:33:48.877+0800","caller":"user/user.go:47","msg":"短信平台调用成功,发送短信 INFO"}
{"level":"DEBUG","time":"2023-07-15T21:33:48.879+0800","caller":"user/user.go:48","msg":"短信平台调用成功,发送短信 debug"}
{"level":"ERROR","time":"2023-07-15T21:33:48.879+0800","caller":"user/user.go:49","msg":"短信平台调用成功,发送短信 error"}
{"level":"INFO","time":"2023-07-15T22:01:45.612+0800","caller":"user/user.go:47","msg":"短信平台调用成功,发送短信 INFO"}
{"level":"DEBUG","time":"2023-07-15T22:01:45.612+0800","caller":"user/user.go:48","msg":"短信平台调用成功,发送短信 debug"}
{"level":"ERROR","time":"2023-07-15T22:01:45.612+0800","caller":"user/user.go:49","msg":"短信平台调用成功,发送短信 error"}
{"level":"INFO","time":"2023-07-15T22:03:28.706+0800","caller":"user/user.go:47","msg":"短信平台调用成功,发送短信 INFO"}
{"level":"DEBUG","time":"2023-07-15T22:03:28.707+0800","caller":"user/user.go:48","msg":"短信平台调用成功,发送短信 debug"}
{"level":"ERROR","time":"2023-07-15T22:03:28.707+0800","caller":"user/user.go:49","msg":"短信平台调用成功,发送短信 error"}
{"level":"INFO","time":"2023-07-15T22:05:00.452+0800","caller":"user/user.go:47","msg":"短信平台调用成功,发送短信 INFO"}
{"level":"DEBUG","time":"2023-07-15T22:05:00.453+0800","caller":"user/user.go:48","msg":"短信平台调用成功,发送短信 debug"}
{"level":"ERROR","time":"2023-07-15T22:05:00.453+0800","caller":"user/user.go:49","msg":"短信平台调用成功,发送短信 error"}
{"level":"INFO","time":"2023-07-17T11:09:04.752+0800","caller":"login.service.v1/login_service.go:46","msg":"短信平台调用成功,发送短信 INFO"}
{"level":"DEBUG","time":"2023-07-17T11:09:04.753+0800","caller":"login.service.v1/login_service.go:47","msg":"短信平台调用成功,发送短信 debug"}
{"level":"ERROR","time":"2023-07-17T11:09:04.753+0800","caller":"login.service.v1/login_service.go:48","msg":"短信平台调用成功,发送短信 error"}
{"level":"INFO","time":"2023-07-17T11:21:01.323+0800","caller":"login.service.v1/login_service.go:46","msg":"短信平台调用成功,发送短信 INFO"}
{"level":"DEBUG","time":"2023-07-17T11:21:01.324+0800","caller":"login.service.v1/login_service.go:47","msg":"短信平台调用成功,发送短信 debug"}
{"level":"ERROR","time":"2023-07-17T11:21:01.324+0800","caller":"login.service.v1/login_service.go:48","msg":"短信平台调用成功,发送短信 error"}
{"level":"INFO","time":"2023-07-17T11:23:15.595+0800","caller":"login.service.v1/login_service.go:46","msg":"短信平台调用成功,发送短信 INFO"}
{"level":"DEBUG","time":"2023-07-17T11:23:15.595+0800","caller":"login.service.v1/login_service.go:47","msg":"短信平台调用成功,发送短信 debug"}
{"level":"ERROR","time":"2023-07-17T11:23:15.595+0800","caller":"login.service.v1/login_service.go:48","msg":"短信平台调用成功,发送短信 error"}
{"level":"ERROR","time":"2023-07-17T16:19:11.506+0800","caller":"discovery/discovery.go:117","msg":"register failed","error":"context deadline exceeded"}
{"level":"ERROR","time":"2023-07-17T16:19:14.512+0800","caller":"discovery/discovery.go:117","msg":"register failed","error":"context deadline exceeded"}
{"level":"ERROR","time":"2023-07-17T16:19:17.524+0800","caller":"discovery/discovery.go:117","msg":"register failed","error":"context deadline exceeded"}
{"level":"ERROR","time":"2023-07-17T16:19:20.539+0800","caller":"discovery/discovery.go:117","msg":"register failed","error":"context deadline exceeded"}
{"level":"ERROR","time":"2023-07-17T16:19:23.550+0800","caller":"discovery/discovery.go:117","msg":"register failed","error":"context deadline exceeded"}
{"level":"ERROR","time":"2023-07-17T16:19:26.560+0800","caller":"discovery/discovery.go:117","msg":"register failed","error":"context deadline exceeded"}
{"level":"ERROR","time":"2023-07-17T16:19:29.574+0800","caller":"discovery/discovery.go:117","msg":"register failed","error":"context deadline exceeded"}
{"level":"ERROR","time":"2023-07-17T16:19:32.587+0800","caller":"discovery/discovery.go:117","msg":"register failed","error":"context deadline exceeded"}
{"level":"ERROR","time":"2023-07-17T16:19:35.588+0800","caller":"discovery/discovery.go:117","msg":"register failed","error":"context deadline exceeded"}
{"level":"ERROR","time":"2023-07-17T16:19:38.591+0800","caller":"discovery/discovery.go:117","msg":"register failed","error":"context deadline exceeded"}
{"level":"ERROR","time":"2023-07-17T16:19:41.606+0800","caller":"discovery/discovery.go:117","msg":"register failed","error":"context deadline exceeded"}
{"level":"ERROR","time":"2023-07-17T16:19:44.615+0800","caller":"discovery/discovery.go:117","msg":"register failed","error":"context deadline exceeded"}
{"level":"ERROR","time":"2023-07-17T16:19:47.621+0800","caller":"discovery/discovery.go:117","msg":"register failed","error":"context deadline exceeded"}
{"level":"ERROR","time":"2023-07-17T16:19:50.636+0800","caller":"discovery/discovery.go:117","msg":"register failed","error":"context deadline exceeded"}
{"level":"ERROR","time":"2023-07-17T16:19:52.901+0800","caller":"discovery/resolver.go:104","msg":"sync failed","error":"context deadline exceeded"}
{"level":"ERROR","time":"2023-07-17T16:19:53.647+0800","caller":"discovery/discovery.go:117","msg":"register failed","error":"context deadline exceeded"}
{"level":"ERROR","time":"2023-07-17T16:19:56.657+0800","caller":"discovery/discovery.go:117","msg":"register failed","error":"context deadline exceeded"}
{"level":"ERROR","time":"2023-07-17T16:19:59.668+0800","caller":"discovery/discovery.go:117","msg":"register failed","error":"context deadline exceeded"}
{"level":"ERROR","time":"2023-07-17T16:20:02.684+0800","caller":"discovery/discovery.go:117","msg":"register failed","error":"context deadline exceeded"}
{"level":"ERROR","time":"2023-07-17T16:20:05.695+0800","caller":"discovery/discovery.go:117","msg":"register failed","error":"context deadline exceeded"}
{"level":"ERROR","time":"2023-07-17T16:20:08.699+0800","caller":"discovery/discovery.go:117","msg":"register failed","error":"context deadline exceeded"}
{"level":"ERROR","time":"2023-07-17T16:20:11.704+0800","caller":"discovery/discovery.go:117","msg":"register failed","error":"context deadline exceeded"}
{"level":"ERROR","time":"2023-07-17T16:20:14.711+0800","caller":"discovery/discovery.go:117","msg":"register failed","error":"context deadline exceeded"}
{"level":"ERROR","time":"2023-07-17T16:20:17.716+0800","caller":"discovery/discovery.go:117","msg":"register failed","error":"context deadline exceeded"}
{"level":"ERROR","time":"2023-07-17T16:20:20.731+0800","caller":"discovery/discovery.go:117","msg":"register failed","error":"context deadline exceeded"}
{"level":"ERROR","time":"2023-07-18T11:02:57.635+0800","caller":"discovery/discovery.go:117","msg":"register failed","error":"context deadline exceeded"}
{"level":"INFO","time":"2023-07-19T17:32:15.851+0800","caller":"login.service.v1/login_service.go:50","msg":"短信平台调用成功,发送短信 INFO"}
{"level":"DEBUG","time":"2023-07-19T17:32:15.852+0800","caller":"login.service.v1/login_service.go:51","msg":"短信平台调用成功,发送短信 debug"}
{"level":"ERROR","time":"2023-07-19T17:32:15.852+0800","caller":"login.service.v1/login_service.go:52","msg":"短信平台调用成功,发送短信 error"}
{"level":"INFO","time":"2023-07-19T20:07:41.362+0800","caller":"login.service.v1/login_service.go:50","msg":"短信平台调用成功,发送短信 INFO"}
{"level":"DEBUG","time":"2023-07-19T20:07:41.362+0800","caller":"login.service.v1/login_service.go:51","msg":"短信平台调用成功,发送短信 debug"}
{"level":"ERROR","time":"2023-07-19T20:07:41.362+0800","caller":"login.service.v1/login_service.go:52","msg":"短信平台调用成功,发送短信 error"}
{"level":"ERROR","time":"2023-07-19T20:11:12.687+0800","caller":"login.service.v1/login_service.go:76","msg":"Register redis get error,","error":"redis: nil"}
{"level":"INFO","time":"2023-07-19T20:13:07.677+0800","caller":"login.service.v1/login_service.go:50","msg":"短信平台调用成功,发送短信 INFO"}
{"level":"DEBUG","time":"2023-07-19T20:13:07.680+0800","caller":"login.service.v1/login_service.go:51","msg":"短信平台调用成功,发送短信 debug"}
{"level":"ERROR","time":"2023-07-19T20:13:07.680+0800","caller":"login.service.v1/login_service.go:52","msg":"短信平台调用成功,发送短信 error"}
{"level":"ERROR","time":"2023-07-19T20:13:07.994+0800","caller":"login.service.v1/login_service.go:76","msg":"Register redis get error,","error":"redis: nil"}
{"level":"INFO","time":"2023-07-19T20:13:37.614+0800","caller":"login.service.v1/login_service.go:50","msg":"短信平台调用成功,发送短信 INFO"}
{"level":"DEBUG","time":"2023-07-19T20:13:37.614+0800","caller":"login.service.v1/login_service.go:51","msg":"短信平台调用成功,发送短信 debug"}
{"level":"ERROR","time":"2023-07-19T20:13:37.614+0800","caller":"login.service.v1/login_service.go:52","msg":"短信平台调用成功,发送短信 error"}
{"level":"ERROR","time":"2023-07-19T20:13:38.286+0800","caller":"login.service.v1/login_service.go:76","msg":"Register redis get error,","error":"redis: nil"}
{"level":"INFO","time":"2023-07-19T20:14:21.944+0800","caller":"login.service.v1/login_service.go:50","msg":"短信平台调用成功,发送短信 INFO"}
{"level":"DEBUG","time":"2023-07-19T20:14:21.947+0800","caller":"login.service.v1/login_service.go:51","msg":"短信平台调用成功,发送短信 debug"}
{"level":"ERROR","time":"2023-07-19T20:14:21.948+0800","caller":"login.service.v1/login_service.go:52","msg":"短信平台调用成功,发送短信 error"}
{"level":"ERROR","time":"2023-07-19T20:20:33.441+0800","caller":"login.service.v1/login_service.go:76","msg":"Register redis get error,","error":"redis: nil"}
{"level":"INFO","time":"2023-07-19T20:20:42.413+0800","caller":"login.service.v1/login_service.go:50","msg":"短信平台调用成功,发送短信 INFO"}
{"level":"DEBUG","time":"2023-07-19T20:20:42.416+0800","caller":"login.service.v1/login_service.go:51","msg":"短信平台调用成功,发送短信 debug"}
{"level":"ERROR","time":"2023-07-19T20:20:42.417+0800","caller":"login.service.v1/login_service.go:52","msg":"短信平台调用成功,发送短信 error"}
{"level":"INFO","time":"2023-07-19T20:56:57.366+0800","caller":"login.service.v1/login_service.go:55","msg":"短信平台调用成功,发送短信 INFO"}
{"level":"DEBUG","time":"2023-07-19T20:56:57.368+0800","caller":"login.service.v1/login_service.go:56","msg":"短信平台调用成功,发送短信 debug"}
{"level":"ERROR","time":"2023-07-19T20:56:57.368+0800","caller":"login.service.v1/login_service.go:57","msg":"短信平台调用成功,发送短信 error"}
{"level":"INFO","time":"2023-07-19T20:59:09.873+0800","caller":"login.service.v1/login_service.go:55","msg":"短信平台调用成功,发送短信 INFO"}
{"level":"DEBUG","time":"2023-07-19T20:59:09.873+0800","caller":"login.service.v1/login_service.go:56","msg":"短信平台调用成功,发送短信 debug"}
{"level":"ERROR","time":"2023-07-19T20:59:09.874+0800","caller":"login.service.v1/login_service.go:57","msg":"短信平台调用成功,发送短信 error"}
{"level":"INFO","time":"2023-07-19T20:59:12.490+0800","caller":"user/user.go:70","msg":"rpc error: code = Code(2003) desc = 邮箱已经存在了"}
{"level":"INFO","time":"2023-07-19T20:59:41.451+0800","caller":"login.service.v1/login_service.go:55","msg":"短信平台调用成功,发送短信 INFO"}
{"level":"DEBUG","time":"2023-07-19T20:59:41.451+0800","caller":"login.service.v1/login_service.go:56","msg":"短信平台调用成功,发送短信 debug"}
{"level":"ERROR","time":"2023-07-19T20:59:41.451+0800","caller":"login.service.v1/login_service.go:57","msg":"短信平台调用成功,发送短信 error"}
{"level":"INFO","time":"2023-07-19T20:59:42.116+0800","caller":"user/user.go:70","msg":"rpc error: code = Code(2003) desc = 邮箱已经存在了"}
{"level":"INFO","time":"2023-07-19T20:59:49.240+0800","caller":"user/user.go:70","msg":"rpc error: code = Code(2004) desc = 账号已经存在了"}
{"level":"INFO","time":"2023-07-19T21:00:10.456+0800","caller":"login.service.v1/login_service.go:55","msg":"短信平台调用成功,发送短信 INFO"}
{"level":"DEBUG","time":"2023-07-19T21:00:10.456+0800","caller":"login.service.v1/login_service.go:56","msg":"短信平台调用成功,发送短信 debug"}
{"level":"ERROR","time":"2023-07-19T21:00:10.456+0800","caller":"login.service.v1/login_service.go:57","msg":"短信平台调用成功,发送短信 error"}
{"level":"INFO","time":"2023-07-19T21:00:11.656+0800","caller":"user/user.go:70","msg":"rpc error: code = Internal desc = grpc: error while marshaling: proto: Marshal called with nil"}
{"level":"INFO","time":"2023-07-19T21:02:56.268+0800","caller":"login.service.v1/login_service.go:55","msg":"短信平台调用成功,发送短信 INFO"}
{"level":"DEBUG","time":"2023-07-19T21:02:56.269+0800","caller":"login.service.v1/login_service.go:56","msg":"短信平台调用成功,发送短信 debug"}
{"level":"ERROR","time":"2023-07-19T21:02:56.269+0800","caller":"login.service.v1/login_service.go:57","msg":"短信平台调用成功,发送短信 error"}
{"level":"INFO","time":"2023-07-19T22:06:58.706+0800","caller":"login.service.v1/login_service.go:62","msg":"短信平台调用成功,发送短信 INFO"}
{"level":"DEBUG","time":"2023-07-19T22:06:58.707+0800","caller":"login.service.v1/login_service.go:63","msg":"短信平台调用成功,发送短信 debug"}
{"level":"ERROR","time":"2023-07-19T22:06:58.707+0800","caller":"login.service.v1/login_service.go:64","msg":"短信平台调用成功,发送短信 error"}
{"level":"INFO","time":"2023-07-19T22:06:59.533+0800","caller":"user/user.go:70","msg":"rpc error: code = Code(2003) desc = 邮箱已经存在了"}
{"level":"INFO","time":"2023-07-19T22:08:52.006+0800","caller":"login.service.v1/login_service.go:62","msg":"短信平台调用成功,发送短信 INFO"}
{"level":"DEBUG","time":"2023-07-19T22:08:52.006+0800","caller":"login.service.v1/login_service.go:63","msg":"短信平台调用成功,发送短信 debug"}
{"level":"ERROR","time":"2023-07-19T22:08:52.006+0800","caller":"login.service.v1/login_service.go:64","msg":"短信平台调用成功,发送短信 error"}
{"level":"ERROR","time":"2023-07-19T22:08:52.570+0800","caller":"login.service.v1/login_service.go:148","msg":"register SaveOrganization db err","error":"Error 1406 (22001): Data too long for column 'avatar' at row 1"}
{"level":"INFO","time":"2023-07-19T22:08:52.572+0800","caller":"user/user.go:70","msg":"rpc error: code = Unknown desc = code:-101,msg:数据库错误"}
{"level":"INFO","time":"2023-07-19T22:09:20.351+0800","caller":"login.service.v1/login_service.go:62","msg":"短信平台调用成功,发送短信 INFO"}
{"level":"DEBUG","time":"2023-07-19T22:09:20.351+0800","caller":"login.service.v1/login_service.go:63","msg":"短信平台调用成功,发送短信 debug"}
{"level":"ERROR","time":"2023-07-19T22:09:20.352+0800","caller":"login.service.v1/login_service.go:64","msg":"短信平台调用成功,发送短信 error"}
